{
  "RSpec": {
    "coverage": {
      "/Users/Abigail/Documents/Week_4/bookmark-manager/spec/bookmark_spec.rb": [
        1,
        null,
        1,
        1,
        1,
        1,
        null,
        1,
        1,
        1,
        null,
        1,
        null,
        1,
        1,
        1,
        null,
        null,
        null
      ],
      "/Users/Abigail/Documents/Week_4/bookmark-manager/spec/features/index_spec.rb": [
        1,
        1,
        1,
        1,
        1,
        1,
        null,
        null,
        null,
        1,
        1,
        1,
        1,
        1,
        0,
        0,
        null,
        null
      ],
      "/Users/Abigail/Documents/Week_4/bookmark-manager/spec/features/setup_test_database.rb": [
        1,
        1,
        2,
        2,
        2,
        null
      ]
    },
    "timestamp": 1568215913
  }
}
