{
  "RSpec": {
    "coverage": {
      "/Users/juliangeorge/Projects/bookmark-manager/spec/bookmark_spec.rb": [
        1,
        null,
        1,
        1,
        1,
        1,
        null,
        1,
        1,
        1,
        null,
        1,
        null,
        1,
        1,
        1,
        null,
        null,
        null
      ],
      "/Users/juliangeorge/Projects/bookmark-manager/spec/features/index_spec.rb": [
        1,
        1,
        1,
        1,
        1,
        1,
        null,
        null,
        null,
        1,
        1,
        1,
        1,
        1,
        1,
        1,
        1,
        1,
        1,
        1,
        null,
        null
      ],
      "/Users/juliangeorge/Projects/bookmark-manager/spec/features/setup_test_database.rb": [
        1,
        1,
        2,
        2,
        2,
        null
      ]
    },
    "timestamp": 1568218106
  }
}
